<?xml version="1.0" encoding="UTF-8"?>
<!-- Generated by org.testng.reporters.JUnitXMLReporter -->
<testsuite hostname="a-PC" name="Command line test" tests="4" failures="0" timestamp="19 May 2016 08:30:15 GMT" time="0.447" errors="0">
  <testcase name="changePasswordTest" time="0.012" classname="com.qtpselenium.facebook.pom.testcases.ChangePasswordTest">
    <skipped/>
  </testcase> <!-- changePasswordTest -->
  <testcase name="doLogin" time="0.0" classname="com.qtpselenium.facebook.pom.testcases.LoginTest">
    <skipped/>
  </testcase> <!-- doLogin -->
  <testcase name="doLogin" time="0.001" classname="com.qtpselenium.facebook.pom.testcases.LoginTest">
    <skipped/>
  </testcase> <!-- doLogin -->
  <testcase name="testProfile" time="0.003" classname="com.qtpselenium.facebook.pom.testcases.ProfileTest">
    <skipped/>
  </testcase> <!-- testProfile -->
</testsuite> <!-- Command line test -->
