<?xml version="1.0" encoding="UTF-8" ?>
<testsuite tests="4" failures="0" name="TestSuite" time="0.016" errors="0" skipped="4">
  <properties>
[...]
</properties>
  <testcase classname="com.qtpselenium.facebook.pom.testcases.ChangePasswordTest" name="changePasswordTest" time="0.016">
    <skipped/>
    <system-out>Configuring TestNG with: org.apache.maven.surefire.testng.conf.TestNG652Configurator@311d617d
LoginTest
Test starts from row - 6
Total rows are  - 1
Total cols are  - 6
</system-out>
  </testcase>
  <testcase classname="com.qtpselenium.facebook.pom.testcases.LoginTest" name="doLogin" time="0">
    <skipped/>
    <system-out>LoginTest
Test starts from row - 1
Total rows are  - 2
Total cols are  - 5
</system-out>
    <system-err>log4j:WARN No appenders could be found for logger (freemarker.cache).
log4j:WARN Please initialize the log4j system properly.
</system-err>
  </testcase>
  <testcase classname="com.qtpselenium.facebook.pom.testcases.LoginTest" name="doLogin" time="0">
    <skipped/>
  </testcase>
  <testcase classname="com.qtpselenium.facebook.pom.testcases.ProfileTest" name="testProfile" time="0">
    <skipped/>
  </testcase>
</testsuite>