<?xml version="1.0" encoding="UTF-8"?>
<testng-results skipped="0" failed="0" total="1" passed="1">
  <reporter-output>
  </reporter-output>
  <suite name="Default suite" duration-ms="34872" started-at="2017-07-28T02:10:52Z" finished-at="2017-07-28T02:11:27Z">
    <groups>
    </groups>
    <test name="Default test" duration-ms="34872" started-at="2017-07-28T02:10:52Z" finished-at="2017-07-28T02:11:27Z">
      <class name="com.iscript.tesecases.createAccount">
        <test-method status="PASS" signature="createAccountTest()[pri:0, instance:com.iscript.tesecases.createAccount@185a6e9]" name="createAccountTest" duration-ms="33362" started-at="2017-07-27T22:10:52Z" finished-at="2017-07-27T22:11:25Z">
          <reporter-output>
          </reporter-output>
        </test-method> <!-- createAccountTest -->
        <test-method status="PASS" signature="quit()[pri:0, instance:com.iscript.tesecases.createAccount@185a6e9]" name="quit" is-config="true" duration-ms="1470" started-at="2017-07-27T22:11:25Z" finished-at="2017-07-27T22:11:27Z">
          <reporter-output>
          </reporter-output>
        </test-method> <!-- quit -->
      </class> <!-- com.iscript.tesecases.createAccount -->
    </test> <!-- Default test -->
  </suite> <!-- Default suite -->
</testng-results>
